2023.03.21 17:49:27 INFO  Started: Metals version 0.11.11 in workspace '/home/kiptoo/Desktop/scala/code/ls' for client Visual Studio Code 1.76.2.[0m
SLF4J: No SLF4J providers were found.
SLF4J: Defaulting to no-operation (NOP) logger implementation
SLF4J: See https://www.slf4j.org/codes.html#noProviders for further details.
SLF4J: Class path contains SLF4J bindings targeting slf4j-api versions 1.7.x or earlier.
SLF4J: Ignoring binding found at [jar:file:/home/kiptoo/.cache/coursier/v1/https/repo1.maven.org/maven2/com/outr/scribe-slf4j_2.13/3.11.0/scribe-slf4j_2.13-3.11.0.jar!/org/slf4j/impl/StaticLoggerBinder.class]
SLF4J: See https://www.slf4j.org/codes.html#ignoredBindings for an explanation.
2023.03.21 17:49:30 INFO  time: initialize in 2.25s[0m
2023.03.21 17:49:34 WARN  Build server is not auto-connectable.[0m
2023.03.21 17:50:09 WARN  no build target for: /home/kiptoo/Desktop/scala/code/ls/src/main/scala/Main.scala[0m
2023.03.21 17:50:14 INFO  no build target found for /home/kiptoo/Desktop/scala/code/ls/src/main/scala/Main.scala. Using presentation compiler with project's scala-library version: 3.2.2[0m
2023.03.21 17:50:16 INFO  time: code lens generation in 2.21s[0m
2023.03.21 17:50:16 INFO  time: code lens generation in 5.97s[0m
2023.03.21 17:50:33 WARN  no build target for: /home/kiptoo/Desktop/scala/code/ls/src/main/scala/Main.scala[0m
2023.03.21 18:04:11 WARN  no build target for: /home/kiptoo/Desktop/scala/code/ls/src/main/scala/Main.scala[0m
2023.03.21 18:08:58 WARN  no build target for: /home/kiptoo/Desktop/scala/code/ls/src/main/scala/Main.scala[0m
2023.03.21 18:09:06 WARN  no build target for: /home/kiptoo/Desktop/scala/code/ls/src/main/scala/Main.scala[0m
2023.03.21 18:17:25 WARN  no build target for: /home/kiptoo/Desktop/scala/code/ls/src/main/scala/Main.scala[0m
2023.03.21 18:17:55 WARN  no build target for: /home/kiptoo/Desktop/scala/code/ls/src/main/scala/Main.scala[0m
2023.03.21 18:18:23 WARN  no build target for: /home/kiptoo/Desktop/scala/code/ls/src/main/scala/Main.scala[0m
2023.03.21 18:18:58 WARN  no build target for: /home/kiptoo/Desktop/scala/code/ls/src/main/scala/Main.scala[0m
2023.03.21 18:19:31 WARN  no build target for: /home/kiptoo/Desktop/scala/code/ls/src/main/scala/Main.scala[0m
2023.03.21 18:45:18 WARN  no build target for: /home/kiptoo/Desktop/scala/code/ls/src/main/scala/Main.scala[0m
2023.03.21 18:47:52 WARN  no build target for: /home/kiptoo/Desktop/scala/code/ls/src/main/scala/Main.scala[0m
2023.03.21 18:48:33 WARN  no build target for: /home/kiptoo/Desktop/scala/code/ls/src/main/scala/Main.scala[0m
2023.03.21 18:49:10 WARN  no build target for: /home/kiptoo/Desktop/scala/code/ls/src/main/scala/Main.scala[0m
2023.03.21 18:50:58 WARN  no build target for: /home/kiptoo/Desktop/scala/code/ls/src/main/scala/Main.scala[0m
2023.03.21 18:52:15 WARN  no build target for: /home/kiptoo/Desktop/scala/code/ls/src/main/scala/Main.scala[0m
2023.03.21 18:52:52 WARN  no build target for: /home/kiptoo/Desktop/scala/code/ls/src/main/scala/Main.scala[0m
2023.03.21 18:54:22 WARN  no build target for: /home/kiptoo/Desktop/scala/code/ls/src/main/scala/Main.scala[0m
2023.03.21 18:58:11 WARN  no build target for: /home/kiptoo/Desktop/scala/code/ls/src/main/scala/Main.scala[0m
2023.03.21 18:58:32 WARN  no build target for: /home/kiptoo/Desktop/scala/code/ls/src/main/scala/Main.scala[0m
Mar 21, 2023 7:00:19 PM org.eclipse.lsp4j.jsonrpc.services.GenericEndpoint notify
INFO: Unsupported notification method: $/setTrace
